2025-12-09 15:28:53, MOVE, v:1, k:poo@pagamento, mode:PICK
2025-12-09 15:28:53, EXEC, v:1, k:poo@pagamento, mode:LOCK, rate:100
2025-12-09 15:28:56, MOVE, v:1, k:poo@pagamento, mode:BACK
2025-12-09 15:28:57, MOVE, v:1, k:poo@pagamento, mode:PICK
2025-12-09 15:28:57, EXEC, v:1, k:poo@pagamento, mode:LOCK, rate:100
2025-12-09 15:31:40, EXEC, v:1, k:poo@pagamento, mode:LOCK, rate:100
2025-12-09 15:31:40, EXEC, v:1, k:poo@pagamento, mode:LOCK, rate:100
2025-12-09 15:31:40, MOVE, v:1, k:poo@pagamento, mode:BACK
2025-12-09 15:32:10, MOVE, v:1, k:poo@zoo, mode:PICK
2025-12-09 15:32:12, MOVE, v:1, k:poo@zoo, mode:BACK
2025-12-09 15:32:13, MOVE, v:1, k:poo@zoo, mode:PICK
2025-12-09 15:32:13, EXEC, v:1, k:poo@zoo, mode:LOCK, rate:100
2025-12-09 16:07:07, EXEC, v:1, k:poo@zoo, mode:LOCK, rate:0, size:24
2025-12-09 16:07:08, EXEC, v:1, k:poo@zoo, mode:LOCK, rate:0
2025-12-09 16:29:53, EXEC, v:1, k:poo@zoo, mode:LOCK, rate:100, size:34
2025-12-09 16:29:57, EXEC, v:1, k:poo@zoo, mode:LOCK, rate:100
2025-12-09 16:34:28, EXEC, v:1, k:poo@zoo, mode:LOCK, rate:100, size:44
2025-12-09 16:34:32, EXEC, v:1, k:poo@zoo, mode:LOCK, rate:100
2025-12-09 16:34:33, MOVE, v:1, k:poo@zoo, mode:BACK
2025-12-09 16:34:35, MOVE, v:1, k:poo@pagamento, mode:PICK
2025-12-09 16:34:36, EXEC, v:1, k:poo@pagamento, mode:LOCK, rate:100
2025-12-09 16:34:45, MOVE, v:1, k:poo@pagamento, mode:BACK
